
**** Clean-only build of configuration Debug for project histogram ****

make clean 
rm -rf  ./source/main.o  ./source/main.d  knr
 

**** Build Finished ****

**** Build of configuration Debug for project histogram ****

make all 
Building file: ../source/main.c
Invoking: GCC C Compiler
gcc -O0 -g3 -Wall -c -fmessage-length=0 -MMD -MP -MF"source/main.d" -MT"source/main.d" -o "source/main.o" "../source/main.c"
../source/main.c: In function ‘main’:
../source/main.c:8:35: warning: variable ‘state’ set but not used [-Wunused-but-set-variable]
Finished building: ../source/main.c
 
Building target: histogram
Invoking: GCC C Linker
gcc  -o "histogram"  ./source/main.o   
Finished building target: histogram
 

**** Build Finished ****

**** Build of configuration Debug for project histogram ****

make all 
Building file: ../source/main.c
Invoking: GCC C Compiler
gcc -O0 -g3 -Wall -c -fmessage-length=0 -MMD -MP -MF"source/main.d" -MT"source/main.d" -o "source/main.o" "../source/main.c"
../source/main.c: In function ‘main’:
../source/main.c:8:35: warning: variable ‘state’ set but not used [-Wunused-but-set-variable]
Finished building: ../source/main.c
 
Building target: histogram
Invoking: GCC C Linker
gcc  -o "histogram"  ./source/main.o   
Finished building target: histogram
 

**** Build Finished ****

**** Build of configuration Debug for project histogram ****

make all 
make: Nothing to be done for `all'.

**** Build Finished ****

**** Build of configuration Debug for project histogram ****

make all 
make: Nothing to be done for `all'.

**** Build Finished ****
